<?xml version="1.0" encoding="UTF-8"?>
<!-- Generated by org.testng.reporters.JUnitReportReporter -->
<testsuite hostname="LAPTOP-BCEEOEDD" failures="0" tests="6" name="com.maven2.TestCase" time="58.403" errors="0" timestamp="2021-12-18T14:10:23 IST" skipped="0">
  <testcase classname="com.maven2.TestCase" name="test1" time="1.162"/>
  <system-out/>
  <testcase classname="com.maven2.TestCase" name="test6" time="9.104"/>
  <system-out/>
  <testcase classname="com.maven2.TestCase" name="test2" time="20.884"/>
  <system-out/>
  <testcase classname="com.maven2.TestCase" name="test5" time="9.147"/>
  <system-out/>
  <testcase classname="com.maven2.TestCase" name="test4" time="8.156"/>
  <system-out/>
  <testcase classname="com.maven2.TestCase" name="test3" time="9.950"/>
  <system-out/>
</testsuite> <!-- com.maven2.TestCase -->
